生成启动时间为 2017/1/26 16:43:49。
     1>项目“D:\c++code\my code\shunxubiao\shunxubiao\shunxubiao.vcxproj”在节点 2 上(Build 个目标)。
     1>ClCompile:
         C:\Program Files (x86)\Microsoft Visual Studio 12.0\VC\bin\CL.exe /c /ZI /nologo /W3 /WX- /sdl /Od /Oy- /D WIN32 /D _DEBUG /D _CONSOLE /D _LIB /D _UNICODE /D UNICODE /Gm /EHsc /RTC1 /MDd /GS /fp:precise /Zc:wchar_t /Zc:forScope /Yu"stdafx.h" /Fp"Debug\shunxubiao.pch" /Fo"Debug\\" /Fd"Debug\vc120.pdb" /Gd /TP /analyze- /errorReport:prompt shunxubiao.cpp
         shunxubiao.cpp
     1>d:\c++code\my code\shunxubiao\shunxubiao\slist.h(93): warning C4244: “=”: 从“double”转换到“unsigned int”，可能丢失数据
                 d:\c++code\my code\shunxubiao\shunxubiao\slist.h(91): 编译类 模板 成员函数“Slist<int>::Slist(unsigned int,T)”时
                 with
                 [
                     T=int
                 ]
                 d:\c++code\my code\shunxubiao\shunxubiao\shunxubiao.cpp(13): 参见对正在编译的函数 模板 实例化“Slist<int>::Slist(unsigned int,T)”的引用
                 with
                 [
                     T=int
                 ]
                 d:\c++code\my code\shunxubiao\shunxubiao\shunxubiao.cpp(11): 参见对正在编译的类 模板 实例化“Slist<int>”的引用
     1>d:\c++code\my code\shunxubiao\shunxubiao\slist.h(80): warning C4244: “=”: 从“double”转换到“unsigned int”，可能丢失数据
                 d:\c++code\my code\shunxubiao\shunxubiao\slist.h(78): 编译类 模板 成员函数“Slist<int>::Slist(unsigned int)”时
                 d:\c++code\my code\shunxubiao\shunxubiao\shunxubiao.cpp(12): 参见对正在编译的函数 模板 实例化“Slist<int>::Slist(unsigned int)”的引用
       Link:
         C:\Program Files (x86)\Microsoft Visual Studio 12.0\VC\bin\link.exe /ERRORREPORT:PROMPT /OUT:"D:\c++code\my code\shunxubiao\Debug\shunxubiao.exe" /INCREMENTAL /NOLOGO kernel32.lib user32.lib gdi32.lib winspool.lib comdlg32.lib advapi32.lib shell32.lib ole32.lib oleaut32.lib uuid.lib odbc32.lib odbccp32.lib /MANIFEST /MANIFESTUAC:"level='asInvoker' uiAccess='false'" /manifest:embed /DEBUG /PDB:"D:\c++code\my code\shunxubiao\Debug\shunxubiao.pdb" /SUBSYSTEM:CONSOLE /TLBID:1 /DYNAMICBASE /NXCOMPAT /IMPLIB:"D:\c++code\my code\shunxubiao\Debug\shunxubiao.lib" /MACHINE:X86 Debug\shunxubiao.obj
         Debug\stdafx.obj
         shunxubiao.vcxproj -> D:\c++code\my code\shunxubiao\Debug\shunxubiao.exe
     1>已完成生成项目“D:\c++code\my code\shunxubiao\shunxubiao\shunxubiao.vcxproj”(Build 个目标)的操作。

生成成功。

已用时间 00:00:01.03
